<?xml version="1.0" encoding="UTF-8"?>
<!-- Generated by org.testng.reporters.JUnitXMLReporter -->
<testsuite hostname="Bhagyeshs-MacBook-Pro.local" ignored="0" name="Test2" tests="1" failures="1" timestamp="2020-12-16T11:17:16 IST" time="31.63" errors="0">
  <testcase name="f" time="31.599" classname="example.Local">
    <failure type="org.openqa.selenium.UnsupportedCommandException" message="Command not supported. (WARNING: The server did not provide any stacktrace information)
Command duration or timeout: 24 milliseconds
Build info: version: &amp;apos;2.45.0&amp;apos;, revision: &amp;apos;5017cb8e7ca8e37638dc3091b2440b90a1d8686f&amp;apos;, time: &amp;apos;2015-02-27 09:10:26&amp;apos;
System info: host: &amp;apos;Bhagyeshs-MacBook-Pro.local&amp;apos;, ip: &amp;apos;127.0.0.1&amp;apos;, os.name: &amp;apos;Mac OS X&amp;apos;, os.arch: &amp;apos;x86_64&amp;apos;, os.version: &amp;apos;10.15.7&amp;apos;, java.version: &amp;apos;1.8.0_271&amp;apos;
Driver info: org.openqa.selenium.remote.RemoteWebDriver
Capabilities [{browserstack.is_hub_canary=false, browserstack-tunnel=true, appPackage=com.android.chrome, statBarHeight=72, loggingPrefs={browser=SEVERE}, viewportRect={top=72, left=0, width=1080, height=2004}, deviceName=ce0317137b4faf0605, platform=ANDROID, deviceUDID=ce0317137b4faf0605, osVersion=7.0, acceptSslCerts=false, detected_language=Apache-HttpClient/4.3.6 (java 1.5), newCommandTimeout=0, browser=android, platformVersion=7.0, webStorageEnabled=false, acceptSslCert=false, takesScreenshot=true, browserName=chrome, javascriptEnabled=true, real_mobile=true, udid=ce0317137b4faf0605, platformName=Android, deviceApiLevel=24, deviceManufacturer=samsung, 64bit=false, enablePerformanceLogging=false, systemPort=8205, deviceScreenSize=1080x2220, networkConnectionEnabled=true, orientation=PORTRAIT, chromedriverPort=18085, warnings={}, os_version=7.0, mobile={browser=mobile, version=Samsung Galaxy S8-7.0}, databaseEnabled=false, new_bucketing=true, version=, appActivity=com.google.android.apps.chrome.Main, orig_os=android, realMobile=true, pixelRatio=3, locationContextEnabled=false, deviceOrientation=portrait, deviceScreenDensity=480, deviceModel=SM-G950F, chromeOptions={args=[--proxy-bypass-list=&amp;lt;-loopback&amp;gt;, test-type, --proxy-server=http://85.209.178.66:26085, --disable-features=TranslateUI], w3c=false}, device=Samsung Galaxy S8}]
Session ID: 20b359e2676a147b0fa013b46d229dc572edf845">
      <![CDATA[org.openqa.selenium.UnsupportedCommandException: Command not supported. (WARNING: The server did not provide any stacktrace information)
Command duration or timeout: 24 milliseconds
Build info: version: '2.45.0', revision: '5017cb8e7ca8e37638dc3091b2440b90a1d8686f', time: '2015-02-27 09:10:26'
System info: host: 'Bhagyeshs-MacBook-Pro.local', ip: '127.0.0.1', os.name: 'Mac OS X', os.arch: 'x86_64', os.version: '10.15.7', java.version: '1.8.0_271'
Driver info: org.openqa.selenium.remote.RemoteWebDriver
Capabilities [{browserstack.is_hub_canary=false, browserstack-tunnel=true, appPackage=com.android.chrome, statBarHeight=72, loggingPrefs={browser=SEVERE}, viewportRect={top=72, left=0, width=1080, height=2004}, deviceName=ce0317137b4faf0605, platform=ANDROID, deviceUDID=ce0317137b4faf0605, osVersion=7.0, acceptSslCerts=false, detected_language=Apache-HttpClient/4.3.6 (java 1.5), newCommandTimeout=0, browser=android, platformVersion=7.0, webStorageEnabled=false, acceptSslCert=false, takesScreenshot=true, browserName=chrome, javascriptEnabled=true, real_mobile=true, udid=ce0317137b4faf0605, platformName=Android, deviceApiLevel=24, deviceManufacturer=samsung, 64bit=false, enablePerformanceLogging=false, systemPort=8205, deviceScreenSize=1080x2220, networkConnectionEnabled=true, orientation=PORTRAIT, chromedriverPort=18085, warnings={}, os_version=7.0, mobile={browser=mobile, version=Samsung Galaxy S8-7.0}, databaseEnabled=false, new_bucketing=true, version=, appActivity=com.google.android.apps.chrome.Main, orig_os=android, realMobile=true, pixelRatio=3, locationContextEnabled=false, deviceOrientation=portrait, deviceScreenDensity=480, deviceModel=SM-G950F, chromeOptions={args=[--proxy-bypass-list=<-loopback>, test-type, --proxy-server=http://85.209.178.66:26085, --disable-features=TranslateUI], w3c=false}, device=Samsung Galaxy S8}]
Session ID: 20b359e2676a147b0fa013b46d229dc572edf845
at org.openqa.selenium.remote.ErrorHandler.createThrowable(ErrorHandler.java:204)
at org.openqa.selenium.remote.ErrorHandler.throwIfResponseFailed(ErrorHandler.java:156)
at org.openqa.selenium.remote.RemoteWebDriver.execute(RemoteWebDriver.java:599)
at org.openqa.selenium.remote.RemoteWebDriver$RemoteWebDriverOptions$RemoteWindow.maximize(RemoteWebDriver.java:837)
at example.Local.f(Local.java:43)
at java.util.ArrayList.forEach(ArrayList.java:1259)
... Removed 31 stack frames]]>
    </failure>
  </testcase> <!-- f -->
</testsuite> <!-- Test2 -->
