<?xml version="1.0" encoding="UTF-8"?>
<!-- Generated by org.testng.reporters.JUnitXMLReporter -->
<testsuite hostname="Bhagyeshs-MacBook-Pro.local" ignored="0" name="Test1" tests="4" failures="0" timestamp="2020-12-18T01:21:38 IST" time="70.726" errors="0">
  <testcase name="test1" time="33.93" classname="example.TestNGParallel"/>
  <testcase name="test4" time="53.988" classname="example.TestNGParallel"/>
  <testcase name="test2" time="55.892" classname="example.TestNGParallel"/>
  <testcase name="test3" time="70.7" classname="example.TestNGParallel"/>
</testsuite> <!-- Test1 -->
