<?xml version="1.0" encoding="UTF-8"?>
<testsuite xmlns:xsi="http://www.w3.org/2001/XMLSchema-instance" xsi:noNamespaceSchemaLocation="https://maven.apache.org/surefire/maven-surefire-plugin/xsd/surefire-test-report-3.0.xsd" version="3.0" name="TestSuite" time="55.258" tests="1" errors="0" skipped="0" failures="0">
  <properties>
[...]
</properties>
  <testcase name="f" classname="example.NewTest" time="53.027">
    <system-out><![CDATA[Name
24K Gold Plated iPhone Xs 256 GB Silver - Unlocked Custom
New Apple iPhone 12 Pro Max (512GB, Pacific Blue) [Locked] + Carrier Subscription
New Apple iPhone 12 Pro (512GB, Graphite) [Locked] + Carrier Subscription
Apple iPhone XS [64GB, Space Gray] + Carrier Subscription [Cricket Wireless]
Apple iPhone 11 Pro Max, 64GB, Midnight Green - Fully Unlocked (Renewed)
New Apple iPhone 12 (64GB, Green) [Locked] + Carrier Subscription
Apple iPhone XR [256GB, Coral] + Carrier Subscription [Cricket Wireless]
New Apple iPhone 12 mini (64GB, (PRODUCT)RED) [Locked] + Carrier Subscription
Apple Simple Mobile Prepaid - Apple iPhone 11 Pro Max (64GB) - Midnight Green [Locked to Carrier – Simple Mobile]
Apple iPhone 11 [128GB, Purple] + Carrier Subscription [Cricket Wireless]
Apple iPhone XS Max, 64GB, Gold - For AT&T (Renewed)
Apple iPhone 7 Plus, 32GB, Black - For AT&T / T-Mobile (Renewed)
Apple iPhone 8 Plus [128GB, Space Gray] + Carrier Subscription [Cricket Wireless]
Apple iPhone XR, 128GB, Red - Fully Unlocked (Renewed)
Apple iPhone 7, 32GB, Rose Gold - For AT&T (Renewed)
Links
https://www.amazon.com/24K-Gold-Plated-iPhone-Silver/dp/B078T2CZH5/ref=sr_1_1?dchild=1&keywords=iPhone+X&qid=1608188907&refinements=p_n_feature_twenty_browse-bin%3A17881878011&rnid=17881875011&s=wireless&sr=1-1
https://www.amazon.com/Apple-iPhone-Pacific-Carrier-Subscription/dp/B08L5M9LJ4/ref=sr_1_2?dchild=1&keywords=iPhone+X&qid=1608188907&refinements=p_n_feature_twenty_browse-bin%3A17881878011&rnid=17881875011&s=wireless&sr=1-2
https://www.amazon.com/Apple-iPhone-Graphite-Carrier-Subscription/dp/B08L5QPVH7/ref=sr_1_3?dchild=1&keywords=iPhone+X&qid=1608188907&refinements=p_n_feature_twenty_browse-bin%3A17881878011&rnid=17881875011&s=wireless&sr=1-3
https://www.amazon.com/Apple-iPhone-XS-64GB-Space/dp/B07VNNRWKC/ref=sr_1_4?dchild=1&keywords=iPhone+X&qid=1608188907&refinements=p_n_feature_twenty_browse-bin%3A17881878011&rnid=17881875011&s=wireless&sr=1-4
https://www.amazon.com/Apple-iPhone-64GB-Midnight-Green/dp/B07ZQS6LPZ/ref=sr_1_5?dchild=1&keywords=iPhone+X&qid=1608188907&refinements=p_n_feature_twenty_browse-bin%3A17881878011&rnid=17881875011&s=wireless&sr=1-5
https://www.amazon.com/Apple-iPhone-Locked-Carrier-Subscription/dp/B08L5RZTTK/ref=sr_1_6?dchild=1&keywords=iPhone+X&qid=1608188907&refinements=p_n_feature_twenty_browse-bin%3A17881878011&rnid=17881875011&s=wireless&sr=1-6
https://www.amazon.com/Apple-iPhone-XR-256GB-Coral/dp/B07VMNX5HD/ref=sr_1_7?dchild=1&keywords=iPhone+X&qid=1608188907&refinements=p_n_feature_twenty_browse-bin%3A17881878011&rnid=17881875011&s=wireless&sr=1-7
https://www.amazon.com/Apple-iPhone-PRODUCT-Carrier-Subscription/dp/B08L5RJ392/ref=sr_1_8?dchild=1&keywords=iPhone+X&qid=1608188907&refinements=p_n_feature_twenty_browse-bin%3A17881878011&rnid=17881875011&s=wireless&sr=1-8
https://www.amazon.com/Simple-Mobile-Prepaid-Midnight-Carrier/dp/B07XSQT4Q3/ref=sr_1_9?dchild=1&keywords=iPhone+X&qid=1608188907&refinements=p_n_feature_twenty_browse-bin%3A17881878011&rnid=17881875011&s=wireless&sr=1-9
https://www.amazon.com/Apple-Carrier-Subscription-Cricket-Wireless/dp/B084GSMNRN/ref=sr_1_10?dchild=1&keywords=iPhone+X&qid=1608188907&refinements=p_n_feature_twenty_browse-bin%3A17881878011&rnid=17881875011&s=wireless&sr=1-10
https://www.amazon.com/Apple-iPhone-Max-64GB-Gold/dp/B07RLPJV15/ref=sr_1_11?dchild=1&keywords=iPhone+X&qid=1608188907&refinements=p_n_feature_twenty_browse-bin%3A17881878011&rnid=17881875011&s=wireless&sr=1-11
https://www.amazon.com/Apple-iPhone-Plus-Unlocked-32GB/dp/B01NB1FOM3/ref=sr_1_12?dchild=1&keywords=iPhone+X&qid=1608188907&refinements=p_n_feature_twenty_browse-bin%3A17881878011&rnid=17881875011&s=wireless&sr=1-12
https://www.amazon.com/Apple-Carrier-Subscription-Cricket-Wireless/dp/B084N4WVQL/ref=sr_1_13?dchild=1&keywords=iPhone+X&qid=1608188907&refinements=p_n_feature_twenty_browse-bin%3A17881878011&rnid=17881875011&s=wireless&sr=1-13
https://www.amazon.com/Apple-iPhone-Fully-Unlocked-128/dp/B07P611Q4N/ref=sr_1_14?dchild=1&keywords=iPhone+X&qid=1608188907&refinements=p_n_feature_twenty_browse-bin%3A17881878011&rnid=17881875011&s=wireless&sr=1-14
https://www.amazon.com/Apple-iPhone-AT-32GB-Renewed/dp/B06XSHHZ62/ref=sr_1_15?dchild=1&keywords=iPhone+X&qid=1608188907&refinements=p_n_feature_twenty_browse-bin%3A17881878011&rnid=17881875011&s=wireless&sr=1-15
Amazon.com : iPhone X
]]></system-out>
  </testcase>
</testsuite>